<?xml version="1.0" encoding="UTF-8"?>
<!-- Generated by org.testng.reporters.JUnitXMLReporter -->
<testsuite ignored="0" hostname="DESKTOP-N6EDJQ3" failures="1" tests="1" name="Test_Chrome" time="9.724" errors="0" timestamp="2022-08-27T23:44:09 IST">
  <testcase classname="com.test.VerifyLoginTest" name="TC_001" time="0.264">
    <failure type="java.lang.AssertionError" message="expected [true] but found [false]">
      <![CDATA[java.lang.AssertionError: expected [true] but found [false]
at com.test.VerifyLoginTest.TC_001(VerifyLoginTest.java:25)
at java.base/java.util.ArrayList.forEach(ArrayList.java:1511)
... Removed 29 stack frames]]>
    </failure>
  </testcase> <!-- TC_001 -->
</testsuite> <!-- Test_Chrome -->
